<?xml version="1.0" encoding="UTF-8"?>
<!-- Generated by org.testng.reporters.JUnitXMLReporter -->
<testsuite ignored="4" hostname="DESKTOP-D16FD6T" failures="0" tests="3" name="Test" time="195.89" errors="0" timestamp="2021-09-23T19:04:07 IST">
  <testcase classname="com.crm.autodesk.ContactsTest.TC_18_SendMailSingleContactTest" name="sendMailSingleContactTest" time="32.227"/>
  <testcase classname="com.crm.autodesk.ContactsTest.TC_16_LastViewedContactsTest" name="viewContactsTest" time="18.039"/>
  <testcase classname="com.crm.autodesk.ContactsTest.TC_17_DuplicateContactTest" name="duplicateContactsTest" time="31.851"/>
  <testcase classname="com.crm.autodesk.GenericUtilities.BaseClass" name="@AfterSuite closeDB" time="0.0">
    <ignored/>
  </testcase> <!-- @AfterSuite closeDB -->
  <testcase classname="com.crm.autodesk.GenericUtilities.BaseClass" name="@AfterSuite closeDB" time="0.0">
    <ignored/>
  </testcase> <!-- @AfterSuite closeDB -->
  <testcase classname="com.crm.autodesk.GenericUtilities.BaseClass" name="@BeforeSuite connectDB" time="0.0">
    <ignored/>
  </testcase> <!-- @BeforeSuite connectDB -->
  <testcase classname="com.crm.autodesk.GenericUtilities.BaseClass" name="@BeforeSuite connectDB" time="0.0">
    <ignored/>
  </testcase> <!-- @BeforeSuite connectDB -->
</testsuite> <!-- Test -->
