<?xml version="1.0" encoding="UTF-8"?>
<!-- Generated by org.testng.reporters.JUnitXMLReporter -->
<testsuite ignored="0" hostname="DESKTOP-D16FD6T" failures="0" tests="1" name="TestRunner_Edge" time="0.207" errors="0" timestamp="2021-09-15T12:17:29 IST">
  <testcase classname="com.crm.autodesk.GenericUtilities.BaseClass" name="@BeforeClass launchBrowser" time="0.018">
    <failure type="java.lang.NullPointerException" message="Cannot invoke &amp;quot;org.openqa.selenium.WebDriver.manage()&amp;quot; because &amp;quot;driver&amp;quot; is null">
      <![CDATA[java.lang.NullPointerException: Cannot invoke "org.openqa.selenium.WebDriver.manage()" because "driver" is null
at com.crm.autodesk.GenericUtilities.WebDriverUtilities.waitForpageLoad(WebDriverUtilities.java:25)
at com.crm.autodesk.GenericUtilities.BaseClass.launchBrowser(BaseClass.java:53)
at java.base/java.util.ArrayList.forEach(ArrayList.java:1511)
at java.base/java.util.concurrent.FutureTask.run(FutureTask.java:264)
at java.base/java.util.concurrent.ThreadPoolExecutor.runWorker(ThreadPoolExecutor.java:1130)
at java.base/java.util.concurrent.ThreadPoolExecutor$Worker.run(ThreadPoolExecutor.java:630)
at java.base/java.lang.Thread.run(Thread.java:831)
... Removed 16 stack frames]]>
    </failure>
  </testcase> <!-- @BeforeClass launchBrowser -->
  <testcase classname="com.crm.autodesk.GenericUtilities.BaseClass" name="@BeforeMethod logIntoApp" time="-1.631688449487E9">
    <skipped/>
  </testcase> <!-- @BeforeMethod logIntoApp -->
  <testcase classname="com.crm.autodesk.GenericUtilities.BaseClass" name="@AfterMethod logoutFromApp" time="-1.631688449522E9">
    <skipped/>
  </testcase> <!-- @AfterMethod logoutFromApp -->
  <testcase classname="com.crm.autodesk.GenericUtilities.BaseClass" name="@AfterClass closeBrowser" time="-1.631688449576E9">
    <skipped/>
  </testcase> <!-- @AfterClass closeBrowser -->
  <testcase classname="com.crm.autodesk.ContactsTest.TC_20_SendMailToMultipleContactTest" name="sendMailToMultipleContactTest" time="0.0">
    <skipped/>
  </testcase> <!-- sendMailToMultipleContactTest -->
</testsuite> <!-- TestRunner_Edge -->
